0 info it worked if it ends with ok
1 verbose cli [ '/usr/bin/node', '/usr/bin/npm', 'start' ]
2 info using npm@1.3.11
3 info using node@v0.10.21
4 error Failed to parse json
4 error Unexpected token n
5 error File: /Users/akim/workspace/leveldb-with-react/package.json
6 error Failed to parse package.json data.
6 error package.json must be actual JSON, not just JavaScript.
6 error
6 error This is not a bug in npm.
6 error Tell the package author to fix their package.json file. JSON.parse
7 error System Darwin 12.5.0
8 error command "/usr/bin/node" "/usr/bin/npm" "start"
9 error cwd /Users/akim/workspace/leveldb-with-react
10 error node -v v0.10.21
11 error npm -v 1.3.11
12 error file /Users/akim/workspace/leveldb-with-react/package.json
13 error code EJSONPARSE
14 verbose exit [ 1, true ]
